modules/expo-background-task-manager/android/build/intermediates/manifest_merge_blame_file/debug/processDebugManifest/manifest-merger-blame-debug-report.txt
1<?xml version="1.0" encoding="utf-8"?>
2<manifest xmlns:android="http://schemas.android.com/apk/res/android"
3    xmlns:tools="http://schemas.android.com/tools"
4    package="expo.modules.backgroundtaskmanager" >
5
6    <uses-sdk android:minSdkVersion="24" />
7
8    <uses-permission android:name="android.permission.FOREGROUND_SERVICE" />
8-->src/main/AndroidManifest.xml:3:3-75
8-->src/main/AndroidManifest.xml:3:20-72
9    <uses-permission android:name="android.permission.FOREGROUND_SERVICE_DATA_SYNC" />
9-->src/main/AndroidManifest.xml:4:3-85
9-->src/main/AndroidManifest.xml:4:20-82
10
11    <application>
11-->src/main/AndroidManifest.xml:5:3-11:17
12        <service
12-->src/main/AndroidManifest.xml:6:5-10:52
13            android:name="expo.modules.backgroundtaskmanager.BackgroundForegroundService"
13-->src/main/AndroidManifest.xml:7:7-84
14            android:exported="false"
14-->src/main/AndroidManifest.xml:9:7-31
15            android:foregroundServiceType="dataSync"
15-->src/main/AndroidManifest.xml:8:7-47
16            tools:ignore="ForegroundServicePermission" />
16-->src/main/AndroidManifest.xml:10:7-49
17    </application>
18
19</manifest>